<?xml version="1.0" encoding="UTF-8"?>
<testsuite xmlns:xsi="http://www.w3.org/2001/XMLSchema-instance" xsi:noNamespaceSchemaLocation="https://maven.apache.org/surefire/maven-surefire-plugin/xsd/surefire-test-report.xsd" version="3.0.2" name="dev.obie.VulnFixAIApplicationTests" time="3.679" tests="1" errors="0" skipped="0" failures="0">
  <properties>
[...]
</properties>
  <testcase name="contextLoads" classname="dev.obie.VulnFixAIApplicationTests" time="0.913">
    <system-out><![CDATA[20:09:04.204 [main] INFO org.springframework.test.context.support.AnnotationConfigContextLoaderUtils -- Could not detect default configuration classes for test class [dev.obie.VulnFixAIApplicationTests]: VulnFixAIApplicationTests does not declare any static, non-private, non-final, nested classes annotated with @Configuration.
20:09:04.315 [main] INFO org.springframework.boot.test.context.SpringBootTestContextBootstrapper -- Found @SpringBootConfiguration dev.obie.Application for test class dev.obie.VulnFixAIApplicationTests

  .   ____          _            __ _ _
 /\\ / ___'_ __ _ _(_)_ __  __ _ \ \ \ \
( ( )\___ | '_ | '_| | '_ \/ _` | \ \ \ \
 \\/  ___)| |_)| | | | | || (_| |  ) ) ) )
  '  |____| .__|_| |_|_| |_\__, | / / / /
 =========|_|==============|___/=/_/_/_/

 :: Spring Boot ::                (v3.4.4)

2025-07-04T20:09:04.836Z  INFO 3980 --- [VulnFixAI] [           main] dev.obie.VulnFixAIApplicationTests       : Starting VulnFixAIApplicationTests using Java 17.0.15 with PID 3980 (started by runner in /home/runner/work/VulnFixAI/VulnFixAI/backEnd)
2025-07-04T20:09:04.837Z  INFO 3980 --- [VulnFixAI] [           main] dev.obie.VulnFixAIApplicationTests       : No active profile set, falling back to 1 default profile: "default"
2025-07-04T20:09:06.835Z  INFO 3980 --- [VulnFixAI] [           main] dev.obie.VulnFixAIApplicationTests       : Started VulnFixAIApplicationTests in 2.374 seconds (process running for 3.48)
]]></system-out>
  </testcase>
</testsuite>